Populatia initiala:
1: 0011001110110010011100 x= -0.394175 f= 1.4504510693750001
2: 0101101010000011110011 x= 0.060721 f= 2.057033960159
3: 1010001011000110111101 x= 0.907545 f= 2.083907072975
4: 1011010010000000110001 x= 1.11527 f= 1.8714428271
5: 0011010010100000100011 x= -0.383276 f= 1.469823507824
6: 0110100110101011110101 x= 0.238335 f= 2.181531427775
7: 0000010100011010001100 x= -0.940207 f= 0.17580379715100003
8: 0111011101110100111101 x= 0.399885 f= 2.239976986775
9: 1100010001101111001011 x= 1.301965 f= 1.6068521387749999
10: 1110110000000101101000 x= 1.765883 f= 0.6475402303109998
11: 0001011111111111111000 x= -0.718756 f= 0.764633812464
12: 0011101011000010000001 x= -0.311431 f= 1.591579732239
13: 1001001110110101101001 x= 0.730972 f= 2.196651935216
14: 1001110101011001100110 x= 0.843945 f= 2.131701836975
15: 0101010001011010011111 x= -0.011483 f= 1.988385140711
16: 1100010111000000111111 x= 1.317428 f= 1.581811464816
17: 0101111110111110111101 x= 0.122023 f= 2.107133387471
18: 1110001111010110010011 x= 1.669967 f= 0.8811772189109999
19: 1010111000001011010001 x= 1.039579 f= 1.9588545027589999
20: 0011010000010010000101 x= -0.389797 f= 1.458261298791

Populatia fara cromozomul elitist:
1: 0011001110110010011100 x= -0.394175 f= 1.4504510693750001
2: 0101101010000011110011 x= 0.060721 f= 2.057033960159
3: 1010001011000110111101 x= 0.907545 f= 2.083907072975
4: 1011010010000000110001 x= 1.11527 f= 1.8714428271
5: 0011010010100000100011 x= -0.383276 f= 1.469823507824
6: 0110100110101011110101 x= 0.238335 f= 2.181531427775
7: 0000010100011010001100 x= -0.940207 f= 0.17580379715100003
8: 1100010001101111001011 x= 1.301965 f= 1.6068521387749999
9: 1110110000000101101000 x= 1.765883 f= 0.6475402303109998
10: 0001011111111111111000 x= -0.718756 f= 0.764633812464
11: 0011101011000010000001 x= -0.311431 f= 1.591579732239
12: 1001001110110101101001 x= 0.730972 f= 2.196651935216
13: 1001110101011001100110 x= 0.843945 f= 2.131701836975
14: 0101010001011010011111 x= -0.011483 f= 1.988385140711
15: 1100010111000000111111 x= 1.317428 f= 1.581811464816
16: 0101111110111110111101 x= 0.122023 f= 2.107133387471
17: 1110001111010110010011 x= 1.669967 f= 0.8811772189109999
18: 1010111000001011010001 x= 1.039579 f= 1.9588545027589999
19: 0011010000010010000101 x= -0.389797 f= 1.458261298791

Probabilitati selectie:
Cromozom 1 probabilitate 0.04802090424977769
Cromozom 2 probabilitate 0.06810338723242898
Cromozom 3 probabilitate 0.06899309058380552
Cromozom 4 probabilitate 0.06195891657884515
Cromozom 5 probabilitate 0.0486622785308453
Cromozom 6 probabilitate 0.0722251953360997
Cromozom 7 probabilitate 0.005820435785795438
Cromozom 8 probabilitate 0.05319896294944586
Cromozom 9 probabilitate 0.021438480796903105
Cromozom 10 probabilitate 0.025315164275274853
Cromozom 11 probabilitate 0.05269333074480696
Cromozom 12 probabilitate 0.07272579853145271
Cromozom 13 probabilitate 0.07057545887884473
Cromozom 14 probabilitate 0.06583059192400595
Cromozom 15 probabilitate 0.052369927188140805
Cromozom 16 probabilitate 0.06976205731976597
Cromozom 17 probabilitate 0.02917363277524697
Cromozom 18 probabilitate 0.06485290438426776
Cromozom 19 probabilitate 0.04827948193424666

Intervale probabilitati selectie:
0 0.04802090424977769 0.11612429148220667 0.1851173820660122 0.24707629864485733 0.2957385771757026 0.36796377251180235 0.3737842082975978 0.42698317124704366 0.44842165204394674 0.4737368163192216 0.5264301470640286 0.5991559455954812 0.669731404474326 0.735561996398332 0.7879319235864728 0.8576939809062387 0.8868676136814857 0.9517205180657534 1.0
u= 0.6203758561980698  selectam cromozomul 13
u= 0.9350416674173502  selectam cromozomul 18
u= 0.8741886898985282  selectam cromozomul 17
u= 0.4650935763975004  selectam cromozomul 10
u= 0.8511677002636417  selectam cromozomul 16
u= 0.48109031597690355  selectam cromozomul 11
u= 0.15774618646363325  selectam cromozomul 3
u= 0.041466173049377164  selectam cromozomul 1
u= 0.26385900248147165  selectam cromozomul 5
u= 0.9588079223934571  selectam cromozomul 19
u= 0.37525442294784306  selectam cromozomul 8
u= 0.42464733419784895  selectam cromozomul 8
u= 0.44865555650349176  selectam cromozomul 10
u= 0.01709291560468429  selectam cromozomul 1
u= 0.750841334953024  selectam cromozomul 15
u= 0.5666795244656703  selectam cromozomul 12
u= 0.7737179734939733  selectam cromozomul 15
u= 0.3916180879403328  selectam cromozomul 8
u= 0.009500976016284413  selectam cromozomul 1

Dupa selectie:
1: 1001110101011001100110 x= 0.843945 f= 2.131701836975
2: 1010111000001011010001 x= 1.039579 f= 1.9588545027589999
3: 1110001111010110010011 x= 1.669967 f= 0.8811772189109999
4: 0001011111111111111000 x= -0.718756 f= 0.764633812464
5: 0101111110111110111101 x= 0.122023 f= 2.107133387471
6: 0011101011000010000001 x= -0.311431 f= 1.591579732239
7: 1010001011000110111101 x= 0.907545 f= 2.083907072975
8: 0011001110110010011100 x= -0.394175 f= 1.4504510693750001
9: 0011010010100000100011 x= -0.383276 f= 1.469823507824
10: 0011010000010010000101 x= -0.389797 f= 1.458261298791
11: 1100010001101111001011 x= 1.301965 f= 1.6068521387749999
12: 1100010001101111001011 x= 1.301965 f= 1.6068521387749999
13: 0001011111111111111000 x= -0.718756 f= 0.764633812464
14: 0011001110110010011100 x= -0.394175 f= 1.4504510693750001
15: 1100010111000000111111 x= 1.317428 f= 1.581811464816
16: 1001001110110101101001 x= 0.730972 f= 2.196651935216
17: 1100010111000000111111 x= 1.317428 f= 1.581811464816
18: 1100010001101111001011 x= 1.301965 f= 1.6068521387749999
19: 0011001110110010011100 x= -0.394175 f= 1.4504510693750001

Probabilitatea de recombinare/incrucisare 0.25:
1: 1001110101011001100110 u= 0.7457969251238494
2: 1010111000001011010001 u= 0.94945653575662
3: 1110001111010110010011 u= 0.939592872557303
4: 0001011111111111111000 u= 0.9321034058893568
5: 0101111110111110111101 u= 0.753361267845925
6: 0011101011000010000001 u= 0.6149296538570842
7: 1010001011000110111101 u= 0.05470792677657499 < 0.25 participa
8: 0011001110110010011100 u= 0.44626466939106324
9: 0011010010100000100011 u= 0.8797570798259907
10: 0011010000010010000101 u= 0.49488878935299063
11: 1100010001101111001011 u= 0.7438839197847326
12: 1100010001101111001011 u= 0.32935311436126646
13: 0001011111111111111000 u= 0.024539680120414076 < 0.25 participa
14: 0011001110110010011100 u= 0.8794998229156626
15: 1100010111000000111111 u= 0.11904988588864063 < 0.25 participa
16: 1001001110110101101001 u= 0.005251388078022723 < 0.25 participa
17: 1100010111000000111111 u= 0.31119881458029386
18: 1100010001101111001011 u= 0.8625751559563148
19: 0011001110110010011100 u= 0.061059625292646746 < 0.25 participa

Recombinare dintre cromozomul 19 si cromozomul 16:
0011001110110010011100  1001001110110101101001 si punct de rupere 12
Rezultat   0011001110110101101001  1001001110110010011100

Recombinare dintre cromozomul 15 si cromozomul 13 si cromozomul 7:
1100010111000000111111  0001011111111111111000   1010001011000110111101 si punct de rupere 21
Rezultat   1000101111111111111100  0101000101100011011110 1110001011100000011111
Dupa recombinare:
1: 1001110101011001100110 x= 0.843945 f= 2.131701836975
2: 1010111000001011010001 x= 1.039579 f= 1.9588545027589999
3: 1110001111010110010011 x= 1.669967 f= 0.8811772189109999
4: 0001011111111111111000 x= -0.718756 f= 0.764633812464
5: 0101111110111110111101 x= 0.122023 f= 2.107133387471
6: 0011101011000010000001 x= -0.311431 f= 1.591579732239
7: 1110001011100000011111 x= 1.658714 f= 0.9073818662039999
8: 0011001110110010011100 x= -0.394175 f= 1.4504510693750001
9: 0011010010100000100011 x= -0.383276 f= 1.469823507824
10: 0011010000010010000101 x= -0.389797 f= 1.458261298791
11: 1100010001101111001011 x= 1.301965 f= 1.6068521387749999
12: 1100010001101111001011 x= 1.301965 f= 1.6068521387749999
13: 0101000101100011011110 x= -0.046228 f= 1.951634972016
14: 0011001110110010011100 x= -0.394175 f= 1.4504510693750001
15: 1000101111111111111100 x= 0.640623 f= 2.230225171871
16: 1001001110110010011100 x= 0.730825 f= 2.196719819375
17: 1100010111000000111111 x= 1.317428 f= 1.581811464816
18: 1100010001101111001011 x= 1.301965 f= 1.6068521387749999
19: 0011001110110101101001 x= -0.394029 f= 1.4507121471589999

Probabilitate de mutatie pentru fiecare gena 0.01
Au fost modificati cromozomii:
1
2
3
4
5
6
7

Dupa mutatie:
1: 1001110101011001100110 x= 0.843945 f= 2.131701836975
2: 1110111000001011010001 x= 1.789579 f= 0.5869860027589999
3: 1110001111010110010011 x= 1.669967 f= 0.8811772189109999
4: 0001011111111111111000 x= -0.718756 f= 0.764633812464
5: 0101111110111110111101 x= 0.122023 f= 2.107133387471
6: 0011101011000010000001 x= -0.311431 f= 1.591579732239
7: 1010001011100110111101 x= 0.90901 f= 2.0827108199
8: 0011001110110010011100 x= -0.394175 f= 1.4504510693750001
9: 0011010010100000100011 x= -0.383276 f= 1.469823507824
10: 0011010000010110000101 x= -0.389614 f= 1.458586931004
11: 1000010001101111001011 x= 0.551964 f= 2.247299742704
12: 1000010001101111001011 x= 0.551964 f= 2.247299742704
13: 0001011111111111111000 x= -0.718756 f= 0.764633812464
14: 0011001110110010011100 x= -0.394175 f= 1.4504510693750001
15: 1100110111100000111111 x= 1.412643 f= 1.4170827545509999
16: 1001001111110101101001 x= 0.733901 f= 2.195290322199
17: 1100110111100000111111 x= 1.412643 f= 1.4170827545509999
18: 1000010001101111001011 x= 0.551964 f= 2.247299742704
19: 0011001110110010011100 x= -0.394175 f= 1.4504510693750001


Evolutia maximului si valoarea medie a performantei:
Generatia 1: Maximul de fitness 2.239976986775 <--- --- ---> valoarea medie a generatiei 1.6222276674286498
Generatia 2: Maximul de fitness 2.247299742704 <--- --- ---> valoarea medie a generatiei 1.6100826158162
Generatia 3: Maximul de fitness 2.247299742704 <--- --- ---> valoarea medie a generatiei 1.6569847611431503
Generatia 4: Maximul de fitness 2.247299742704 <--- --- ---> valoarea medie a generatiei 1.7359009491355502
Generatia 5: Maximul de fitness 2.247846668784 <--- --- ---> valoarea medie a generatiei 1.9428733813560004
Generatia 6: Maximul de fitness 2.247846668784 <--- --- ---> valoarea medie a generatiei 2.0628911480651504
Generatia 7: Maximul de fitness 2.247846668784 <--- --- ---> valoarea medie a generatiei 2.0599067381527503
Generatia 8: Maximul de fitness 2.247846668784 <--- --- ---> valoarea medie a generatiei 2.043335679804
Generatia 9: Maximul de fitness 2.247846668784 <--- --- ---> valoarea medie a generatiei 2.0791746373270503
Generatia 10: Maximul de fitness 2.247846668784 <--- --- ---> valoarea medie a generatiei 2.1329848699771503
Generatia 11: Maximul de fitness 2.247846668784 <--- --- ---> valoarea medie a generatiei 2.0951915115541504
Generatia 12: Maximul de fitness 2.247846668784 <--- --- ---> valoarea medie a generatiei 1.8675388563618
Generatia 13: Maximul de fitness 2.247846668784 <--- --- ---> valoarea medie a generatiei 1.0479638404428004
Generatia 14: Maximul de fitness 2.247846668784 <--- --- ---> valoarea medie a generatiei 0.43127951419305005
Generatia 15: Maximul de fitness 2.247846668784 <--- --- ---> valoarea medie a generatiei 1.3466792550401998
Generatia 16: Maximul de fitness 2.247846668784 <--- --- ---> valoarea medie a generatiei 1.61355479836235
Generatia 17: Maximul de fitness 2.247846668784 <--- --- ---> valoarea medie a generatiei 1.7670000337826495
Generatia 18: Maximul de fitness 2.247846668784 <--- --- ---> valoarea medie a generatiei 1.9875975193503996
Generatia 19: Maximul de fitness 2.247846668784 <--- --- ---> valoarea medie a generatiei 1.9860888326942496
Generatia 20: Maximul de fitness 2.247846668784 <--- --- ---> valoarea medie a generatiei 1.9498618890591999
Generatia 21: Maximul de fitness 2.247846668784 <--- --- ---> valoarea medie a generatiei 1.9500572576906496
Generatia 22: Maximul de fitness 2.247846668784 <--- --- ---> valoarea medie a generatiei 2.2416280051842
Generatia 23: Maximul de fitness 2.247846668784 <--- --- ---> valoarea medie a generatiei 2.2416280051842
Generatia 24: Maximul de fitness 2.247846668784 <--- --- ---> valoarea medie a generatiei 2.24525872181425
Generatia 25: Maximul de fitness 2.247846668784 <--- --- ---> valoarea medie a generatiei 2.1869801405642497
Generatia 26: Maximul de fitness 2.247846668784 <--- --- ---> valoarea medie a generatiei 2.1869801405642497
Generatia 27: Maximul de fitness 2.247846668784 <--- --- ---> valoarea medie a generatiei 2.1898127303702504
Generatia 28: Maximul de fitness 2.247846668784 <--- --- ---> valoarea medie a generatiei 0.8238912418454503
Generatia 29: Maximul de fitness 2.247846668784 <--- --- ---> valoarea medie a generatiei 0.7696232401842003
Generatia 30: Maximul de fitness 2.247846668784 <--- --- ---> valoarea medie a generatiei 0.8244824500102504
Generatia 31: Maximul de fitness 2.247846668784 <--- --- ---> valoarea medie a generatiei 0.7098140790274001
Generatia 32: Maximul de fitness 2.247846668784 <--- --- ---> valoarea medie a generatiei 2.2010372087170005
Generatia 33: Maximul de fitness 2.247846668784 <--- --- ---> valoarea medie a generatiei 2.1779921423584
Generatia 34: Maximul de fitness 2.247846668784 <--- --- ---> valoarea medie a generatiei 1.2967147808102504
Generatia 35: Maximul de fitness 2.247846668784 <--- --- ---> valoarea medie a generatiei 2.106981670540001
Generatia 36: Maximul de fitness 2.247846668784 <--- --- ---> valoarea medie a generatiei 2.0604642604192
Generatia 37: Maximul de fitness 2.247846668784 <--- --- ---> valoarea medie a generatiei 1.6041290915841995
Generatia 38: Maximul de fitness 2.247846668784 <--- --- ---> valoarea medie a generatiei 1.6052752554274003
Generatia 39: Maximul de fitness 2.247846668784 <--- --- ---> valoarea medie a generatiei 1.6052752554274003
Generatia 40: Maximul de fitness 2.247846668784 <--- --- ---> valoarea medie a generatiei 1.6036982341654498
Generatia 41: Maximul de fitness 2.247846668784 <--- --- ---> valoarea medie a generatiei 1.5758052837626493
Generatia 42: Maximul de fitness 2.247846668784 <--- --- ---> valoarea medie a generatiei 1.4173894903862498
Generatia 43: Maximul de fitness 2.247846668784 <--- --- ---> valoarea medie a generatiei 1.6527328566880002
Generatia 44: Maximul de fitness 2.247846668784 <--- --- ---> valoarea medie a generatiei 1.5742134696982506
Generatia 45: Maximul de fitness 2.247846668784 <--- --- ---> valoarea medie a generatiei 1.6304925935254502
Generatia 46: Maximul de fitness 2.247846668784 <--- --- ---> valoarea medie a generatiei 1.7549029690264004
Generatia 47: Maximul de fitness 2.249185525479 <--- --- ---> valoarea medie a generatiei 2.24911858264425
Generatia 48: Maximul de fitness 2.249185525479 <--- --- ---> valoarea medie a generatiei 1.09559166757295
Generatia 49: Maximul de fitness 2.249185525479 <--- --- ---> valoarea medie a generatiei 2.0788507680467507
Generatia 50: Maximul de fitness 2.249505649244 <--- --- ---> valoarea medie a generatiei 2.0812668756605492
